<?xml version="1.0" encoding="UTF-8"?>
<testsuite name="com.labfabulous.money.ISINTests" tests="6" skipped="0" failures="0" errors="0" timestamp="2017-03-15T16:44:13" hostname="Quinlivan-iMac.home" time="0.003">
  <properties/>
  <testcase name="grabsDespiteWordSeparators" classname="com.labfabulous.money.ISINTests" time="0.002"/>
  <testcase name="grabsLowerCase" classname="com.labfabulous.money.ISINTests" time="0.0"/>
  <testcase name="grabsMultiple" classname="com.labfabulous.money.ISINTests" time="0.0"/>
  <testcase name="isCaseInsensitive" classname="com.labfabulous.money.ISINTests" time="0.0"/>
  <testcase name="grabsUpperCase" classname="com.labfabulous.money.ISINTests" time="0.0"/>
  <testcase name="filtersOutWrongUns" classname="com.labfabulous.money.ISINTests" time="0.0"/>
  <system-out><![CDATA[]]></system-out>
  <system-err><![CDATA[]]></system-err>
</testsuite>
